# JRE version: OpenJDK Runtime Environment Temurin-17.0.4.1+1 (17.0.4.1+1) (build 17.0.4.1+1)
# Java VM: OpenJDK 64-Bit Server VM Temurin-17.0.4.1+1 (17.0.4.1+1, mixed mode, tiered, compressed oops, compressed class ptrs, parallel gc, windows-amd64)
GC Precious Log:
 CPUs: 12 total, 12 available
 Memory: 15741M
 Large Page Support: Disabled
 NUMA Support: Disabled
 Compressed Oops: Enabled (32-bit)
 Alignments: Space 512K, Generation 512K, Heap 2M
 Heap Min Capacity: 100M
 Heap Initial Capacity: 100M
 Heap Max Capacity: 1G
 Pre-touch: Disabled
 Parallel Workers: 10
Heap:
 PSYoungGen      total 24064K, used 5342K [0x00000000eab00000, 0x00000000eca00000, 0x0000000100000000)
  eden space 21504K, 12% used [0x00000000eab00000,0x00000000eadb78a8,0x00000000ec000000)
  from space 2560K, 100% used [0x00000000ec080000,0x00000000ec300000,0x00000000ec300000)
  to   space 5120K, 0% used [0x00000000ec500000,0x00000000ec500000,0x00000000eca00000)
 ParOldGen       total 68608K, used 22376K [0x00000000c0000000, 0x00000000c4300000, 0x00000000eab00000)
  object space 68608K, 32% used [0x00000000c0000000,0x00000000c15da1a0,0x00000000c4300000)
 Metaspace       used 36141K, committed 36800K, reserved 1089536K
  class space    used 3689K, committed 3968K, reserved 1048576K
GC Heap History (20 events):
Event: 8.559 GC heap before
{Heap before GC invocations=8 (full 1):
 PSYoungGen      total 26112K, used 25960K [0x00000000eab00000, 0x00000000ec800000, 0x0000000100000000)
  eden space 24576K, 100% used [0x00000000eab00000,0x00000000ec300000,0x00000000ec300000)
  from space 1536K, 90% used [0x00000000ec680000,0x00000000ec7da308,0x00000000ec800000)
  to   space 2048K, 0% used [0x00000000ec400000,0x00000000ec400000,0x00000000ec600000)
 ParOldGen       total 68608K, used 7230K [0x00000000c0000000, 0x00000000c4300000, 0x00000000eab00000)
  object space 68608K, 10% used [0x00000000c0000000,0x00000000c070fa98,0x00000000c4300000)
 Metaspace       used 31914K, committed 32448K, reserved 1081344K
  class space    used 3228K, committed 3456K, reserved 1048576K
}
Event: 8.561 GC heap after
{Heap after GC invocations=8 (full 1):
 PSYoungGen      total 26112K, used 2038K [0x00000000eab00000, 0x00000000ec980000, 0x0000000100000000)
  eden space 24064K, 0% used [0x00000000eab00000,0x00000000eab00000,0x00000000ec280000)
  from space 2048K, 99% used [0x00000000ec400000,0x00000000ec5fda18,0x00000000ec600000)
  to   space 3584K, 0% used [0x00000000ec600000,0x00000000ec600000,0x00000000ec980000)
 ParOldGen       total 68608K, used 8043K [0x00000000c0000000, 0x00000000c4300000, 0x00000000eab00000)
  object space 68608K, 11% used [0x00000000c0000000,0x00000000c07dae78,0x00000000c4300000)
 Metaspace       used 31914K, committed 32448K, reserved 1081344K
  class space    used 3228K, committed 3456K, reserved 1048576K
}
Event: 9.274 GC heap before
{Heap before GC invocations=9 (full 1):
 PSYoungGen      total 26112K, used 26102K [0x00000000eab00000, 0x00000000ec980000, 0x0000000100000000)
  eden space 24064K, 100% used [0x00000000eab00000,0x00000000ec280000,0x00000000ec280000)
  from space 2048K, 99% used [0x00000000ec400000,0x00000000ec5fda18,0x00000000ec600000)
  to   space 3584K, 0% used [0x00000000ec600000,0x00000000ec600000,0x00000000ec980000)
 ParOldGen       total 68608K, used 8043K [0x00000000c0000000, 0x00000000c4300000, 0x00000000eab00000)
  object space 68608K, 11% used [0x00000000c0000000,0x00000000c07dae78,0x00000000c4300000)
 Metaspace       used 34736K, committed 35392K, reserved 1081344K
  class space    used 3515K, committed 3776K, reserved 1048576K
}
Event: 9.277 GC heap after
{Heap after GC invocations=9 (full 1):
 PSYoungGen      total 27136K, used 3512K [0x00000000eab00000, 0x00000000eca00000, 0x0000000100000000)
  eden space 23552K, 0% used [0x00000000eab00000,0x00000000eab00000,0x00000000ec200000)
  from space 3584K, 98% used [0x00000000ec600000,0x00000000ec96e340,0x00000000ec980000)
  to   space 4096K, 0% used [0x00000000ec200000,0x00000000ec200000,0x00000000ec600000)
 ParOldGen       total 68608K, used 8051K [0x00000000c0000000, 0x00000000c4300000, 0x00000000eab00000)
  object space 68608K, 11% used [0x00000000c0000000,0x00000000c07dce78,0x00000000c4300000)
 Metaspace       used 34736K, committed 35392K, reserved 1081344K
  class space    used 3515K, committed 3776K, reserved 1048576K
}
Event: 9.415 GC heap before
{Heap before GC invocations=10 (full 1):
 PSYoungGen      total 27136K, used 27064K [0x00000000eab00000, 0x00000000eca00000, 0x0000000100000000)
  eden space 23552K, 100% used [0x00000000eab00000,0x00000000ec200000,0x00000000ec200000)
  from space 3584K, 98% used [0x00000000ec600000,0x00000000ec96e340,0x00000000ec980000)
  to   space 4096K, 0% used [0x00000000ec200000,0x00000000ec200000,0x00000000ec600000)
 ParOldGen       total 68608K, used 8051K [0x00000000c0000000, 0x00000000c4300000, 0x00000000eab00000)
  object space 68608K, 11% used [0x00000000c0000000,0x00000000c07dce78,0x00000000c4300000)
 Metaspace       used 35263K, committed 35840K, reserved 1089536K
  class space    used 3589K, committed 3840K, reserved 1048576K
}
Event: 9.418 GC heap after
{Heap after GC invocations=10 (full 1):
 PSYoungGen      total 27136K, used 4091K [0x00000000eab00000, 0x00000000ecd80000, 0x0000000100000000)
  eden space 23040K, 0% used [0x00000000eab00000,0x00000000eab00000,0x00000000ec180000)
  from space 4096K, 99% used [0x00000000ec200000,0x00000000ec5fed28,0x00000000ec600000)
  to   space 6144K, 0% used [0x00000000ec780000,0x00000000ec780000,0x00000000ecd80000)
 ParOldGen       total 68608K, used 9423K [0x00000000c0000000, 0x00000000c4300000, 0x00000000eab00000)
  object space 68608K, 13% used [0x00000000c0000000,0x00000000c0933f98,0x00000000c4300000)
 Metaspace       used 35263K, committed 35840K, reserved 1089536K
  class space    used 3589K, committed 3840K, reserved 1048576K
}
Event: 9.421 GC heap before
{Heap before GC invocations=11 (full 1):
 PSYoungGen      total 27136K, used 4840K [0x00000000eab00000, 0x00000000ecd80000, 0x0000000100000000)
  eden space 23040K, 3% used [0x00000000eab00000,0x00000000eabbb538,0x00000000ec180000)
  from space 4096K, 99% used [0x00000000ec200000,0x00000000ec5fed28,0x00000000ec600000)
  to   space 6144K, 0% used [0x00000000ec780000,0x00000000ec780000,0x00000000ecd80000)
 ParOldGen       total 68608K, used 9423K [0x00000000c0000000, 0x00000000c4300000, 0x00000000eab00000)
  object space 68608K, 13% used [0x00000000c0000000,0x00000000c0933f98,0x00000000c4300000)
 Metaspace       used 35264K, committed 35840K, reserved 1089536K
  class space    used 3589K, committed 3840K, reserved 1048576K
}
Event: 9.424 GC heap after
{Heap after GC invocations=11 (full 1):
 PSYoungGen      total 25088K, used 1920K [0x00000000eab00000, 0x00000000ec980000, 0x0000000100000000)
  eden space 23040K, 0% used [0x00000000eab00000,0x00000000eab00000,0x00000000ec180000)
  from space 2048K, 93% used [0x00000000ec780000,0x00000000ec960020,0x00000000ec980000)
  to   space 3584K, 0% used [0x00000000ec280000,0x00000000ec280000,0x00000000ec600000)
 ParOldGen       total 68608K, used 11866K [0x00000000c0000000, 0x00000000c4300000, 0x00000000eab00000)
  object space 68608K, 17% used [0x00000000c0000000,0x00000000c0b969a0,0x00000000c4300000)
 Metaspace       used 35264K, committed 35840K, reserved 1089536K
  class space    used 3589K, committed 3840K, reserved 1048576K
}
Event: 9.424 GC heap before
{Heap before GC invocations=12 (full 2):
 PSYoungGen      total 25088K, used 1920K [0x00000000eab00000, 0x00000000ec980000, 0x0000000100000000)
  eden space 23040K, 0% used [0x00000000eab00000,0x00000000eab00000,0x00000000ec180000)
  from space 2048K, 93% used [0x00000000ec780000,0x00000000ec960020,0x00000000ec980000)
  to   space 3584K, 0% used [0x00000000ec280000,0x00000000ec280000,0x00000000ec600000)
 ParOldGen       total 68608K, used 11866K [0x00000000c0000000, 0x00000000c4300000, 0x00000000eab00000)
  object space 68608K, 17% used [0x00000000c0000000,0x00000000c0b969a0,0x00000000c4300000)
 Metaspace       used 35264K, committed 35840K, reserved 1089536K
  class space    used 3589K, committed 3840K, reserved 1048576K
}
Event: 9.448 GC heap after
{Heap after GC invocations=12 (full 2):
 PSYoungGen      total 25088K, used 0K [0x00000000eab00000, 0x00000000ec980000, 0x0000000100000000)
  eden space 23040K, 0% used [0x00000000eab00000,0x00000000eab00000,0x00000000ec180000)
  from space 2048K, 0% used [0x00000000ec780000,0x00000000ec780000,0x00000000ec980000)
  to   space 3584K, 0% used [0x00000000ec280000,0x00000000ec280000,0x00000000ec600000)
 ParOldGen       total 68608K, used 13303K [0x00000000c0000000, 0x00000000c4300000, 0x00000000eab00000)
  object space 68608K, 19% used [0x00000000c0000000,0x00000000c0cfdc30,0x00000000c4300000)
 Metaspace       used 35264K, committed 35840K, reserved 1089536K
  class space    used 3589K, committed 3840K, reserved 1048576K
}
Event: 9.530 GC heap before
{Heap before GC invocations=13 (full 2):
 PSYoungGen      total 25088K, used 23040K [0x00000000eab00000, 0x00000000ec980000, 0x0000000100000000)
  eden space 23040K, 100% used [0x00000000eab00000,0x00000000ec180000,0x00000000ec180000)
  from space 2048K, 0% used [0x00000000ec780000,0x00000000ec780000,0x00000000ec980000)
  to   space 3584K, 0% used [0x00000000ec280000,0x00000000ec280000,0x00000000ec600000)
 ParOldGen       total 68608K, used 13303K [0x00000000c0000000, 0x00000000c4300000, 0x00000000eab00000)
  object space 68608K, 19% used [0x00000000c0000000,0x00000000c0cfdc30,0x00000000c4300000)
 Metaspace       used 35280K, committed 35904K, reserved 1089536K
  class space    used 3589K, committed 3840K, reserved 1048576K
}
Event: 9.532 GC heap after
{Heap after GC invocations=13 (full 2):
 PSYoungGen      total 25088K, used 2336K [0x00000000eab00000, 0x00000000ec800000, 0x0000000100000000)
  eden space 22528K, 0% used [0x00000000eab00000,0x00000000eab00000,0x00000000ec100000)
  from space 2560K, 91% used [0x00000000ec280000,0x00000000ec4c8010,0x00000000ec500000)
  to   space 2560K, 0% used [0x00000000ec580000,0x00000000ec580000,0x00000000ec800000)
 ParOldGen       total 68608K, used 13303K [0x00000000c0000000, 0x00000000c4300000, 0x00000000eab00000)
  object space 68608K, 19% used [0x00000000c0000000,0x00000000c0cfdc30,0x00000000c4300000)
 Metaspace       used 35280K, committed 35904K, reserved 1089536K
  class space    used 3589K, committed 3840K, reserved 1048576K
}
Event: 9.606 GC heap before
{Heap before GC invocations=14 (full 2):
 PSYoungGen      total 25088K, used 24864K [0x00000000eab00000, 0x00000000ec800000, 0x0000000100000000)
  eden space 22528K, 100% used [0x00000000eab00000,0x00000000ec100000,0x00000000ec100000)
  from space 2560K, 91% used [0x00000000ec280000,0x00000000ec4c8010,0x00000000ec500000)
  to   space 2560K, 0% used [0x00000000ec580000,0x00000000ec580000,0x00000000ec800000)
 ParOldGen       total 68608K, used 13303K [0x00000000c0000000, 0x00000000c4300000, 0x00000000eab00000)
  object space 68608K, 19% used [0x00000000c0000000,0x00000000c0cfdc30,0x00000000c4300000)
 Metaspace       used 35401K, committed 35968K, reserved 1089536K
  class space    used 3603K, committed 3840K, reserved 1048576K
}
Event: 9.610 GC heap after
{Heap after GC invocations=14 (full 2):
 PSYoungGen      total 24064K, used 2528K [0x00000000eab00000, 0x00000000ecb80000, 0x0000000100000000)
  eden space 21504K, 0% used [0x00000000eab00000,0x00000000eab00000,0x00000000ec000000)
  from space 2560K, 98% used [0x00000000ec580000,0x00000000ec7f8010,0x00000000ec800000)
  to   space 5632K, 0% used [0x00000000ec000000,0x00000000ec000000,0x00000000ec580000)
 ParOldGen       total 68608K, used 15529K [0x00000000c0000000, 0x00000000c4300000, 0x00000000eab00000)
  object space 68608K, 22% used [0x00000000c0000000,0x00000000c0f2a758,0x00000000c4300000)
 Metaspace       used 35401K, committed 35968K, reserved 1089536K
  class space    used 3603K, committed 3840K, reserved 1048576K
}
Event: 9.652 GC heap before
{Heap before GC invocations=15 (full 2):
 PSYoungGen      total 24064K, used 24032K [0x00000000eab00000, 0x00000000ecb80000, 0x0000000100000000)
  eden space 21504K, 100% used [0x00000000eab00000,0x00000000ec000000,0x00000000ec000000)
  from space 2560K, 98% used [0x00000000ec580000,0x00000000ec7f8010,0x00000000ec800000)
  to   space 5632K, 0% used [0x00000000ec000000,0x00000000ec000000,0x00000000ec580000)
 ParOldGen       total 68608K, used 15529K [0x00000000c0000000, 0x00000000c4300000, 0x00000000eab00000)
  object space 68608K, 22% used [0x00000000c0000000,0x00000000c0f2a758,0x00000000c4300000)
 Metaspace       used 35401K, committed 35968K, reserved 1089536K
  class space    used 3603K, committed 3840K, reserved 1048576K
}
Event: 9.656 GC heap after
{Heap after GC invocations=15 (full 2):
 PSYoungGen      total 24064K, used 2496K [0x00000000eab00000, 0x00000000ec700000, 0x0000000100000000)
  eden space 21504K, 0% used [0x00000000eab00000,0x00000000eab00000,0x00000000ec000000)
  from space 2560K, 97% used [0x00000000ec000000,0x00000000ec270010,0x00000000ec280000)
  to   space 3584K, 0% used [0x00000000ec380000,0x00000000ec380000,0x00000000ec700000)
 ParOldGen       total 68608K, used 18050K [0x00000000c0000000, 0x00000000c4300000, 0x00000000eab00000)
  object space 68608K, 26% used [0x00000000c0000000,0x00000000c11a0900,0x00000000c4300000)
 Metaspace       used 35401K, committed 35968K, reserved 1089536K
  class space    used 3603K, committed 3840K, reserved 1048576K
}
Event: 9.718 GC heap before
{Heap before GC invocations=16 (full 2):
 PSYoungGen      total 24064K, used 24000K [0x00000000eab00000, 0x00000000ec700000, 0x0000000100000000)
  eden space 21504K, 100% used [0x00000000eab00000,0x00000000ec000000,0x00000000ec000000)
  from space 2560K, 97% used [0x00000000ec000000,0x00000000ec270010,0x00000000ec280000)
  to   space 3584K, 0% used [0x00000000ec380000,0x00000000ec380000,0x00000000ec700000)
 ParOldGen       total 68608K, used 18050K [0x00000000c0000000, 0x00000000c4300000, 0x00000000eab00000)
  object space 68608K, 26% used [0x00000000c0000000,0x00000000c11a0900,0x00000000c4300000)
 Metaspace       used 35402K, committed 35968K, reserved 1089536K
  class space    used 3603K, committed 3840K, reserved 1048576K
}
Event: 9.722 GC heap after
{Heap after GC invocations=16 (full 2):
 PSYoungGen      total 23552K, used 2048K [0x00000000eab00000, 0x00000000ec580000, 0x0000000100000000)
  eden space 21504K, 0% used [0x00000000eab00000,0x00000000eab00000,0x00000000ec000000)
  from space 2048K, 100% used [0x00000000ec380000,0x00000000ec580000,0x00000000ec580000)
  to   space 2560K, 0% used [0x00000000ec080000,0x00000000ec080000,0x00000000ec300000)
 ParOldGen       total 68608K, used 20418K [0x00000000c0000000, 0x00000000c4300000, 0x00000000eab00000)
  object space 68608K, 29% used [0x00000000c0000000,0x00000000c13f0910,0x00000000c4300000)
 Metaspace       used 35402K, committed 35968K, reserved 1089536K
  class space    used 3603K, committed 3840K, reserved 1048576K
}
Event: 9.921 GC heap before
{Heap before GC invocations=17 (full 2):
 PSYoungGen      total 23552K, used 23552K [0x00000000eab00000, 0x00000000ec580000, 0x0000000100000000)
  eden space 21504K, 100% used [0x00000000eab00000,0x00000000ec000000,0x00000000ec000000)
  from space 2048K, 100% used [0x00000000ec380000,0x00000000ec580000,0x00000000ec580000)
  to   space 2560K, 0% used [0x00000000ec080000,0x00000000ec080000,0x00000000ec300000)
 ParOldGen       total 68608K, used 20418K [0x00000000c0000000, 0x00000000c4300000, 0x00000000eab00000)
  object space 68608K, 29% used [0x00000000c0000000,0x00000000c13f0910,0x00000000c4300000)
 Metaspace       used 35955K, committed 36608K, reserved 1089536K
  class space    used 3672K, committed 3968K, reserved 1048576K
}
Event: 9.926 GC heap after
{Heap after GC invocations=17 (full 2):
 PSYoungGen      total 24064K, used 2560K [0x00000000eab00000, 0x00000000eca00000, 0x0000000100000000)
  eden space 21504K, 0% used [0x00000000eab00000,0x00000000eab00000,0x00000000ec000000)
  from space 2560K, 100% used [0x00000000ec080000,0x00000000ec300000,0x00000000ec300000)
  to   space 5120K, 0% used [0x00000000ec500000,0x00000000ec500000,0x00000000eca00000)
 ParOldGen       total 68608K, used 22376K [0x00000000c0000000, 0x00000000c4300000, 0x00000000eab00000)
  object space 68608K, 32% used [0x00000000c0000000,0x00000000c15da1a0,0x00000000c4300000)
 Metaspace       used 35955K, committed 36608K, reserved 1089536K
  class space    used 3672K, committed 3968K, reserved 1048576K
}

