# JRE version: OpenJDK Runtime Environment Temurin-17.0.4.1+1 (17.0.4.1+1) (build 17.0.4.1+1)
# Java VM: OpenJDK 64-Bit Server VM Temurin-17.0.4.1+1 (17.0.4.1+1, mixed mode, tiered, compressed oops, compressed class ptrs, parallel gc, windows-amd64)
GC Precious Log:
 CPUs: 12 total, 12 available
 Memory: 15741M
 Large Page Support: Disabled
 NUMA Support: Disabled
 Compressed Oops: Enabled (32-bit)
 Alignments: Space 512K, Generation 512K, Heap 2M
 Heap Min Capacity: 100M
 Heap Initial Capacity: 100M
 Heap Max Capacity: 1G
 Pre-touch: Disabled
 Parallel Workers: 10
Heap:
 PSYoungGen      total 17408K, used 13824K [0x00000000eab00000, 0x00000000ebf80000, 0x0000000100000000)
  eden space 13824K, 100% used [0x00000000eab00000,0x00000000eb880000,0x00000000eb880000)
  from space 3584K, 0% used [0x00000000ebc00000,0x00000000ebc00000,0x00000000ebf80000)
  to   space 2560K, 0% used [0x00000000eb880000,0x00000000eb880000,0x00000000ebb00000)
 ParOldGen       total 248832K, used 245626K [0x00000000c0000000, 0x00000000cf300000, 0x00000000eab00000)
  object space 248832K, 98% used [0x00000000c0000000,0x00000000cefde918,0x00000000cf300000)
 Metaspace       used 52029K, committed 52864K, reserved 1097728K
  class space    used 5666K, committed 6080K, reserved 1048576K
GC Heap History (20 events):
Event: 21.007 GC heap before
{Heap before GC invocations=151 (full 9):
 PSYoungGen      total 20992K, used 20587K [0x00000000eab00000, 0x00000000ec280000, 0x0000000100000000)
  eden space 17920K, 100% used [0x00000000eab00000,0x00000000ebc80000,0x00000000ebc80000)
  from space 3072K, 86% used [0x00000000ebf80000,0x00000000ec21add0,0x00000000ec280000)
  to   space 3072K, 0% used [0x00000000ebc80000,0x00000000ebc80000,0x00000000ebf80000)
 ParOldGen       total 248832K, used 220272K [0x00000000c0000000, 0x00000000cf300000, 0x00000000eab00000)
  object space 248832K, 88% used [0x00000000c0000000,0x00000000cd71c0c8,0x00000000cf300000)
 Metaspace       used 52013K, committed 52864K, reserved 1097728K
  class space    used 5666K, committed 6080K, reserved 1048576K
}
Event: 21.014 GC heap after
{Heap after GC invocations=151 (full 9):
 PSYoungGen      total 20992K, used 2962K [0x00000000eab00000, 0x00000000ec480000, 0x0000000100000000)
  eden space 17920K, 0% used [0x00000000eab00000,0x00000000eab00000,0x00000000ebc80000)
  from space 3072K, 96% used [0x00000000ebc80000,0x00000000ebf64a60,0x00000000ebf80000)
  to   space 3072K, 0% used [0x00000000ec180000,0x00000000ec180000,0x00000000ec480000)
 ParOldGen       total 248832K, used 222868K [0x00000000c0000000, 0x00000000cf300000, 0x00000000eab00000)
  object space 248832K, 89% used [0x00000000c0000000,0x00000000cd9a5318,0x00000000cf300000)
 Metaspace       used 52013K, committed 52864K, reserved 1097728K
  class space    used 5666K, committed 6080K, reserved 1048576K
}
Event: 21.061 GC heap before
{Heap before GC invocations=152 (full 9):
 PSYoungGen      total 20992K, used 20882K [0x00000000eab00000, 0x00000000ec480000, 0x0000000100000000)
  eden space 17920K, 100% used [0x00000000eab00000,0x00000000ebc80000,0x00000000ebc80000)
  from space 3072K, 96% used [0x00000000ebc80000,0x00000000ebf64a60,0x00000000ebf80000)
  to   space 3072K, 0% used [0x00000000ec180000,0x00000000ec180000,0x00000000ec480000)
 ParOldGen       total 248832K, used 222868K [0x00000000c0000000, 0x00000000cf300000, 0x00000000eab00000)
  object space 248832K, 89% used [0x00000000c0000000,0x00000000cd9a5318,0x00000000cf300000)
 Metaspace       used 52015K, committed 52864K, reserved 1097728K
  class space    used 5666K, committed 6080K, reserved 1048576K
}
Event: 21.066 GC heap after
{Heap after GC invocations=152 (full 9):
 PSYoungGen      total 23040K, used 2902K [0x00000000eab00000, 0x00000000ec480000, 0x0000000100000000)
  eden space 19968K, 0% used [0x00000000eab00000,0x00000000eab00000,0x00000000ebe80000)
  from space 3072K, 94% used [0x00000000ec180000,0x00000000ec455b10,0x00000000ec480000)
  to   space 3072K, 0% used [0x00000000ebe80000,0x00000000ebe80000,0x00000000ec180000)
 ParOldGen       total 248832K, used 225743K [0x00000000c0000000, 0x00000000cf300000, 0x00000000eab00000)
  object space 248832K, 90% used [0x00000000c0000000,0x00000000cdc73fc0,0x00000000cf300000)
 Metaspace       used 52015K, committed 52864K, reserved 1097728K
  class space    used 5666K, committed 6080K, reserved 1048576K
}
Event: 21.120 GC heap before
{Heap before GC invocations=153 (full 9):
 PSYoungGen      total 23040K, used 22870K [0x00000000eab00000, 0x00000000ec480000, 0x0000000100000000)
  eden space 19968K, 100% used [0x00000000eab00000,0x00000000ebe80000,0x00000000ebe80000)
  from space 3072K, 94% used [0x00000000ec180000,0x00000000ec455b10,0x00000000ec480000)
  to   space 3072K, 0% used [0x00000000ebe80000,0x00000000ebe80000,0x00000000ec180000)
 ParOldGen       total 248832K, used 225743K [0x00000000c0000000, 0x00000000cf300000, 0x00000000eab00000)
  object space 248832K, 90% used [0x00000000c0000000,0x00000000cdc73fc0,0x00000000cf300000)
 Metaspace       used 52015K, committed 52864K, reserved 1097728K
  class space    used 5666K, committed 6080K, reserved 1048576K
}
Event: 21.126 GC heap after
{Heap after GC invocations=153 (full 9):
 PSYoungGen      total 23040K, used 3060K [0x00000000eab00000, 0x00000000ec480000, 0x0000000100000000)
  eden space 19968K, 0% used [0x00000000eab00000,0x00000000eab00000,0x00000000ebe80000)
  from space 3072K, 99% used [0x00000000ebe80000,0x00000000ec17d2f8,0x00000000ec180000)
  to   space 3072K, 0% used [0x00000000ec180000,0x00000000ec180000,0x00000000ec480000)
 ParOldGen       total 248832K, used 228711K [0x00000000c0000000, 0x00000000cf300000, 0x00000000eab00000)
  object space 248832K, 91% used [0x00000000c0000000,0x00000000cdf59fa0,0x00000000cf300000)
 Metaspace       used 52015K, committed 52864K, reserved 1097728K
  class space    used 5666K, committed 6080K, reserved 1048576K
}
Event: 21.183 GC heap before
{Heap before GC invocations=154 (full 9):
 PSYoungGen      total 23040K, used 23028K [0x00000000eab00000, 0x00000000ec480000, 0x0000000100000000)
  eden space 19968K, 100% used [0x00000000eab00000,0x00000000ebe80000,0x00000000ebe80000)
  from space 3072K, 99% used [0x00000000ebe80000,0x00000000ec17d2f8,0x00000000ec180000)
  to   space 3072K, 0% used [0x00000000ec180000,0x00000000ec180000,0x00000000ec480000)
 ParOldGen       total 248832K, used 228711K [0x00000000c0000000, 0x00000000cf300000, 0x00000000eab00000)
  object space 248832K, 91% used [0x00000000c0000000,0x00000000cdf59fa0,0x00000000cf300000)
 Metaspace       used 52015K, committed 52864K, reserved 1097728K
  class space    used 5666K, committed 6080K, reserved 1048576K
}
Event: 21.188 GC heap after
{Heap after GC invocations=154 (full 9):
 PSYoungGen      total 21504K, used 3024K [0x00000000eab00000, 0x00000000ec780000, 0x0000000100000000)
  eden space 18432K, 0% used [0x00000000eab00000,0x00000000eab00000,0x00000000ebd00000)
  from space 3072K, 98% used [0x00000000ec180000,0x00000000ec4741b0,0x00000000ec480000)
  to   space 4608K, 0% used [0x00000000ebd00000,0x00000000ebd00000,0x00000000ec180000)
 ParOldGen       total 248832K, used 231757K [0x00000000c0000000, 0x00000000cf300000, 0x00000000eab00000)
  object space 248832K, 93% used [0x00000000c0000000,0x00000000ce2537e8,0x00000000cf300000)
 Metaspace       used 52015K, committed 52864K, reserved 1097728K
  class space    used 5666K, committed 6080K, reserved 1048576K
}
Event: 21.254 GC heap before
{Heap before GC invocations=155 (full 9):
 PSYoungGen      total 21504K, used 21449K [0x00000000eab00000, 0x00000000ec780000, 0x0000000100000000)
  eden space 18432K, 99% used [0x00000000eab00000,0x00000000ebcfe408,0x00000000ebd00000)
  from space 3072K, 98% used [0x00000000ec180000,0x00000000ec4741b0,0x00000000ec480000)
  to   space 4608K, 0% used [0x00000000ebd00000,0x00000000ebd00000,0x00000000ec180000)
 ParOldGen       total 248832K, used 231757K [0x00000000c0000000, 0x00000000cf300000, 0x00000000eab00000)
  object space 248832K, 93% used [0x00000000c0000000,0x00000000ce2537e8,0x00000000cf300000)
 Metaspace       used 52015K, committed 52864K, reserved 1097728K
  class space    used 5666K, committed 6080K, reserved 1048576K
}
Event: 21.258 GC heap after
{Heap after GC invocations=155 (full 9):
 PSYoungGen      total 22016K, used 3159K [0x00000000eab00000, 0x00000000ec400000, 0x0000000100000000)
  eden space 18432K, 0% used [0x00000000eab00000,0x00000000eab00000,0x00000000ebd00000)
  from space 3584K, 88% used [0x00000000ebd00000,0x00000000ec015ee0,0x00000000ec080000)
  to   space 3584K, 0% used [0x00000000ec080000,0x00000000ec080000,0x00000000ec400000)
 ParOldGen       total 248832K, used 234753K [0x00000000c0000000, 0x00000000cf300000, 0x00000000eab00000)
  object space 248832K, 94% used [0x00000000c0000000,0x00000000ce540770,0x00000000cf300000)
 Metaspace       used 52015K, committed 52864K, reserved 1097728K
  class space    used 5666K, committed 6080K, reserved 1048576K
}
Event: 21.305 GC heap before
{Heap before GC invocations=156 (full 9):
 PSYoungGen      total 22016K, used 21591K [0x00000000eab00000, 0x00000000ec400000, 0x0000000100000000)
  eden space 18432K, 100% used [0x00000000eab00000,0x00000000ebd00000,0x00000000ebd00000)
  from space 3584K, 88% used [0x00000000ebd00000,0x00000000ec015ee0,0x00000000ec080000)
  to   space 3584K, 0% used [0x00000000ec080000,0x00000000ec080000,0x00000000ec400000)
 ParOldGen       total 248832K, used 234753K [0x00000000c0000000, 0x00000000cf300000, 0x00000000eab00000)
  object space 248832K, 94% used [0x00000000c0000000,0x00000000ce540770,0x00000000cf300000)
 Metaspace       used 52015K, committed 52864K, reserved 1097728K
  class space    used 5666K, committed 6080K, reserved 1048576K
}
Event: 21.312 GC heap after
{Heap after GC invocations=156 (full 9):
 PSYoungGen      total 18944K, used 3565K [0x00000000eab00000, 0x00000000eca00000, 0x0000000100000000)
  eden space 15360K, 0% used [0x00000000eab00000,0x00000000eab00000,0x00000000eba00000)
  from space 3584K, 99% used [0x00000000ec080000,0x00000000ec3fb620,0x00000000ec400000)
  to   space 6656K, 0% used [0x00000000eba00000,0x00000000eba00000,0x00000000ec080000)
 ParOldGen       total 248832K, used 237185K [0x00000000c0000000, 0x00000000cf300000, 0x00000000eab00000)
  object space 248832K, 95% used [0x00000000c0000000,0x00000000ce7a0590,0x00000000cf300000)
 Metaspace       used 52015K, committed 52864K, reserved 1097728K
  class space    used 5666K, committed 6080K, reserved 1048576K
}
Event: 21.360 GC heap before
{Heap before GC invocations=157 (full 9):
 PSYoungGen      total 18944K, used 18925K [0x00000000eab00000, 0x00000000eca00000, 0x0000000100000000)
  eden space 15360K, 100% used [0x00000000eab00000,0x00000000eba00000,0x00000000eba00000)
  from space 3584K, 99% used [0x00000000ec080000,0x00000000ec3fb620,0x00000000ec400000)
  to   space 6656K, 0% used [0x00000000eba00000,0x00000000eba00000,0x00000000ec080000)
 ParOldGen       total 248832K, used 237185K [0x00000000c0000000, 0x00000000cf300000, 0x00000000eab00000)
  object space 248832K, 95% used [0x00000000c0000000,0x00000000ce7a0590,0x00000000cf300000)
 Metaspace       used 52019K, committed 52864K, reserved 1097728K
  class space    used 5666K, committed 6080K, reserved 1048576K
}
Event: 21.365 GC heap after
{Heap after GC invocations=157 (full 9):
 PSYoungGen      total 18432K, used 2592K [0x00000000eab00000, 0x00000000ec200000, 0x0000000100000000)
  eden space 15360K, 0% used [0x00000000eab00000,0x00000000eab00000,0x00000000eba00000)
  from space 3072K, 84% used [0x00000000eba00000,0x00000000ebc88150,0x00000000ebd00000)
  to   space 4096K, 0% used [0x00000000ebe00000,0x00000000ebe00000,0x00000000ec200000)
 ParOldGen       total 248832K, used 240747K [0x00000000c0000000, 0x00000000cf300000, 0x00000000eab00000)
  object space 248832K, 96% used [0x00000000c0000000,0x00000000ceb1aef0,0x00000000cf300000)
 Metaspace       used 52019K, committed 52864K, reserved 1097728K
  class space    used 5666K, committed 6080K, reserved 1048576K
}
Event: 21.421 GC heap before
{Heap before GC invocations=158 (full 9):
 PSYoungGen      total 18432K, used 17952K [0x00000000eab00000, 0x00000000ec200000, 0x0000000100000000)
  eden space 15360K, 100% used [0x00000000eab00000,0x00000000eba00000,0x00000000eba00000)
  from space 3072K, 84% used [0x00000000eba00000,0x00000000ebc88150,0x00000000ebd00000)
  to   space 4096K, 0% used [0x00000000ebe00000,0x00000000ebe00000,0x00000000ec200000)
 ParOldGen       total 248832K, used 240747K [0x00000000c0000000, 0x00000000cf300000, 0x00000000eab00000)
  object space 248832K, 96% used [0x00000000c0000000,0x00000000ceb1aef0,0x00000000cf300000)
 Metaspace       used 52025K, committed 52864K, reserved 1097728K
  class space    used 5666K, committed 6080K, reserved 1048576K
}
Event: 21.426 GC heap after
{Heap after GC invocations=158 (full 9):
 PSYoungGen      total 17920K, used 4086K [0x00000000eab00000, 0x00000000ec500000, 0x0000000100000000)
  eden space 13824K, 0% used [0x00000000eab00000,0x00000000eab00000,0x00000000eb880000)
  from space 4096K, 99% used [0x00000000ebe00000,0x00000000ec1fdba0,0x00000000ec200000)
  to   space 5632K, 0% used [0x00000000eb880000,0x00000000eb880000,0x00000000ebe00000)
 ParOldGen       total 248832K, used 241554K [0x00000000c0000000, 0x00000000cf300000, 0x00000000eab00000)
  object space 248832K, 97% used [0x00000000c0000000,0x00000000cebe4b50,0x00000000cf300000)
 Metaspace       used 52025K, committed 52864K, reserved 1097728K
  class space    used 5666K, committed 6080K, reserved 1048576K
}
Event: 21.478 GC heap before
{Heap before GC invocations=159 (full 9):
 PSYoungGen      total 17920K, used 17910K [0x00000000eab00000, 0x00000000ec500000, 0x0000000100000000)
  eden space 13824K, 100% used [0x00000000eab00000,0x00000000eb880000,0x00000000eb880000)
  from space 4096K, 99% used [0x00000000ebe00000,0x00000000ec1fdba0,0x00000000ec200000)
  to   space 5632K, 0% used [0x00000000eb880000,0x00000000eb880000,0x00000000ebe00000)
 ParOldGen       total 248832K, used 241554K [0x00000000c0000000, 0x00000000cf300000, 0x00000000eab00000)
  object space 248832K, 97% used [0x00000000c0000000,0x00000000cebe4b50,0x00000000cf300000)
 Metaspace       used 52026K, committed 52864K, reserved 1097728K
  class space    used 5666K, committed 6080K, reserved 1048576K
}
Event: 21.484 GC heap after
{Heap after GC invocations=159 (full 9):
 PSYoungGen      total 16384K, used 2320K [0x00000000eab00000, 0x00000000ebf80000, 0x0000000100000000)
  eden space 13824K, 0% used [0x00000000eab00000,0x00000000eab00000,0x00000000eb880000)
  from space 2560K, 90% used [0x00000000eb880000,0x00000000ebac4160,0x00000000ebb00000)
  to   space 3584K, 0% used [0x00000000ebc00000,0x00000000ebc00000,0x00000000ebf80000)
 ParOldGen       total 248832K, used 245538K [0x00000000c0000000, 0x00000000cf300000, 0x00000000eab00000)
  object space 248832K, 98% used [0x00000000c0000000,0x00000000cefc8890,0x00000000cf300000)
 Metaspace       used 52026K, committed 52864K, reserved 1097728K
  class space    used 5666K, committed 6080K, reserved 1048576K
}
Event: 21.484 GC heap before
{Heap before GC invocations=160 (full 10):
 PSYoungGen      total 16384K, used 2320K [0x00000000eab00000, 0x00000000ebf80000, 0x0000000100000000)
  eden space 13824K, 0% used [0x00000000eab00000,0x00000000eab00000,0x00000000eb880000)
  from space 2560K, 90% used [0x00000000eb880000,0x00000000ebac4160,0x00000000ebb00000)
  to   space 3584K, 0% used [0x00000000ebc00000,0x00000000ebc00000,0x00000000ebf80000)
 ParOldGen       total 248832K, used 245538K [0x00000000c0000000, 0x00000000cf300000, 0x00000000eab00000)
  object space 248832K, 98% used [0x00000000c0000000,0x00000000cefc8890,0x00000000cf300000)
 Metaspace       used 52026K, committed 52864K, reserved 1097728K
  class space    used 5666K, committed 6080K, reserved 1048576K
}
Event: 21.719 GC heap after
{Heap after GC invocations=160 (full 10):
 PSYoungGen      total 17408K, used 0K [0x00000000eab00000, 0x00000000ebf80000, 0x0000000100000000)
  eden space 13824K, 0% used [0x00000000eab00000,0x00000000eab00000,0x00000000eb880000)
  from space 3584K, 0% used [0x00000000ebc00000,0x00000000ebc00000,0x00000000ebf80000)
  to   space 2560K, 0% used [0x00000000eb880000,0x00000000eb880000,0x00000000ebb00000)
 ParOldGen       total 248832K, used 245626K [0x00000000c0000000, 0x00000000cf300000, 0x00000000eab00000)
  object space 248832K, 98% used [0x00000000c0000000,0x00000000cefde918,0x00000000cf300000)
 Metaspace       used 52026K, committed 52864K, reserved 1097728K
  class space    used 5666K, committed 6080K, reserved 1048576K
}

